Arguments: 
  /Users/tomsjansons/.volta/tools/image/node/14.18.0/bin/node /Users/tomsjansons/.volta/tools/image/yarn/1.22.15/bin/yarn.js add -D @types/buxlabs__amd-to-es6

PATH: 
  /Users/tomsjansons/.volta/tools/image/yarn/1.22.15/bin:/Users/tomsjansons/.volta/tools/image/node/14.18.0/bin:/Users/tomsjansons/.volta/bin:/usr/local/bin:/usr/bin:/bin:/usr/sbin:/sbin:/Users/tomsjansons/.volta/bin

Yarn version: 
  1.22.15

Node version: 
  14.18.0

Platform: 
  darwin x64

Trace: 
  Error: https://registry.yarnpkg.com/@types%2fbuxlabs__amd-to-es6: Not found
      at Request.params.callback [as _callback] (/Users/tomsjansons/.volta/tools/image/yarn/1.22.15/lib/cli.js:66140:18)
      at Request.self.callback (/Users/tomsjansons/.volta/tools/image/yarn/1.22.15/lib/cli.js:140885:22)
      at Request.emit (events.js:400:28)
      at Request.<anonymous> (/Users/tomsjansons/.volta/tools/image/yarn/1.22.15/lib/cli.js:141857:10)
      at Request.emit (events.js:400:28)
      at IncomingMessage.<anonymous> (/Users/tomsjansons/.volta/tools/image/yarn/1.22.15/lib/cli.js:141779:12)
      at Object.onceWrapper (events.js:519:28)
      at IncomingMessage.emit (events.js:412:35)
      at endReadableNT (internal/streams/readable.js:1334:12)
      at processTicksAndRejections (internal/process/task_queues.js:82:21)

npm manifest: 
  {
    "name": "esbuild-amd-plugin",
    "version": "1.0.0",
    "main": "src/index.ts",
    "license": "MIT",
    "dependencies": {
      "@buxlabs/amd-to-es6": "^0.16.1",
      "esbuild": "^0.14.0"
    }
  }

yarn manifest: 
  No manifest

Lockfile: 
  # THIS IS AN AUTOGENERATED FILE. DO NOT EDIT THIS FILE DIRECTLY.
  # yarn lockfile v1
  
  
  "@buxlabs/amd-to-es6@^0.16.1":
    version "0.16.1"
    resolved "https://registry.yarnpkg.com/@buxlabs/amd-to-es6/-/amd-to-es6-0.16.1.tgz#4baf5bc01af7d2306a8fe3ecb3fe3589688e7aa7"
    integrity sha512-tHxTDXAvYNlGfNjyrD2Ub+Oob6viq3Kofvro9+TkRl9d1MyQRp6pINYlXxLfkhSLnSJPgYoNaGddHgUTwjWJbA==
    dependencies:
      abstract-syntax-tree "^2.20.0"
      commander "^8.0.0"
      glob "^7.1.7"
      mkdirp "^1.0.4"
      pure-utilities "^1.2.3"
  
  abstract-syntax-tree@^2.20.0:
    version "2.20.4"
    resolved "https://registry.yarnpkg.com/abstract-syntax-tree/-/abstract-syntax-tree-2.20.4.tgz#7855379ef84ea9567d34a70f9e44d029712c2d00"
    integrity sha512-/ZbkXB3fddWg15WT/DeghI5MC5cs5/Vl2y43I0Vi0BkQZ/Y7O1X1q+HQFtGhI/JElUfnvq0RwLDgqz/NS+RnBw==
    dependencies:
      ast-types "0.14.2"
      astring "^1.7.5"
      esquery "^1.4.0"
      estraverse "5.2.0"
      meriyah "^4.2.0"
      source-map "0.7.3"
  
  ast-types@0.14.2:
    version "0.14.2"
    resolved "https://registry.yarnpkg.com/ast-types/-/ast-types-0.14.2.tgz#600b882df8583e3cd4f2df5fa20fa83759d4bdfd"
    integrity sha512-O0yuUDnZeQDL+ncNGlJ78BiO4jnYI3bvMsD5prT0/nsgijG/LpNBIr63gTjVTNsiGkgQhiyCShTgxt8oXOrklA==
    dependencies:
      tslib "^2.0.1"
  
  astring@^1.7.5:
    version "1.8.1"
    resolved "https://registry.yarnpkg.com/astring/-/astring-1.8.1.tgz#a91c4afd4af3523e11f31242a3d5d9af62bb6cc6"
    integrity sha512-Aj3mbwVzj7Vve4I/v2JYOPFkCGM2YS7OqQTNSxmUR+LECRpokuPgAYghePgr6SALDo5bD5DlfbSaYjOzGJZOLQ==
  
  balanced-match@^1.0.0:
    version "1.0.2"
    resolved "https://registry.yarnpkg.com/balanced-match/-/balanced-match-1.0.2.tgz#e83e3a7e3f300b34cb9d87f615fa0cbf357690ee"
    integrity sha512-3oSeUO0TMV67hN1AmbXsK4yaqU7tjiHlbxRDZOpH0KW9+CeX4bRAaX0Anxt0tx2MrpRpWwQaPwIlISEJhYU5Pw==
  
  brace-expansion@^1.1.7:
    version "1.1.11"
    resolved "https://registry.yarnpkg.com/brace-expansion/-/brace-expansion-1.1.11.tgz#3c7fcbf529d87226f3d2f52b966ff5271eb441dd"
    integrity sha512-iCuPHDFgrHX7H2vEI/5xpz07zSHB00TpugqhmYtVmMO6518mCuRMoOYFldEBl0g187ufozdaHgWKcYFb61qGiA==
    dependencies:
      balanced-match "^1.0.0"
      concat-map "0.0.1"
  
  commander@^8.0.0:
    version "8.3.0"
    resolved "https://registry.yarnpkg.com/commander/-/commander-8.3.0.tgz#4837ea1b2da67b9c616a67afbb0fafee567bca66"
    integrity sha512-OkTL9umf+He2DZkUq8f8J9of7yL6RJKI24dVITBmNfZBmri9zYZQrKkuXiKhyfPSu8tUhnVBB1iKXevvnlR4Ww==
  
  concat-map@0.0.1:
    version "0.0.1"
    resolved "https://registry.yarnpkg.com/concat-map/-/concat-map-0.0.1.tgz#d8a96bd77fd68df7793a73036a3ba0d5405d477b"
    integrity sha1-2Klr13/Wjfd5OnMDajug1UBdR3s=
  
  esbuild-android-arm64@0.14.0:
    version "0.14.0"
    resolved "https://registry.yarnpkg.com/esbuild-android-arm64/-/esbuild-android-arm64-0.14.0.tgz#fac7e9a207714a699283578e1c8106689e52fad9"
    integrity sha512-X7BjFiRRNfxPNg1aT5zw4xK1vbvX2IvDPcEp4bv0CEXgR39UzuOMUsQoG92aZgj8JGs8jxQAZc8k9dVJ1WL2BA==
  
  esbuild-darwin-64@0.14.0:
    version "0.14.0"
    resolved "https://registry.yarnpkg.com/esbuild-darwin-64/-/esbuild-darwin-64-0.14.0.tgz#83bde8f68dd26ec4cbbbe4fd966eb1f4ce40a9d8"
    integrity sha512-43vtt407jMp1kEXiaY0dEIGjOREax9F1+qMI0+F9tJyr06EHAofnbLL6cTmLgdPy/pMhltSvOJ8EddJrrOBgpQ==
  
  esbuild-darwin-arm64@0.14.0:
    version "0.14.0"
    resolved "https://registry.yarnpkg.com/esbuild-darwin-arm64/-/esbuild-darwin-arm64-0.14.0.tgz#644efb31fb27e291465e24757b3194d36aa2eb7d"
    integrity sha512-hMbT5YiBrFL763mnwR9BqNtq9XtJgJRxYs7Ad++KUd+ZhMoVE0Rs/YLe1oor9uBGhHLqQsZuJ2dUHjCsfT/iDg==
  
  esbuild-freebsd-64@0.14.0:
    version "0.14.0"
    resolved "https://registry.yarnpkg.com/esbuild-freebsd-64/-/esbuild-freebsd-64-0.14.0.tgz#c74755b5f8a8a9a2acf19d49236ac7c18c548f71"
    integrity sha512-mx68HRYIZo6ZiHbWk5Md+mDJoDw779yWkJQAaBnXwOkGbDeA3JmPZjp6IPfy2P+n3emK9z6g4pKiebp1tQGVoQ==
  
  esbuild-freebsd-arm64@0.14.0:
    version "0.14.0"
    resolved "https://registry.yarnpkg.com/esbuild-freebsd-arm64/-/esbuild-freebsd-arm64-0.14.0.tgz#b778a66b4fc6a0d0b91e2e2333620658724b45ef"
    integrity sha512-iM8u+zTagh0WGn2FTTxi7DII/ycVzYyuf2Df6eP2ZX+vlx2FjaduhagRkpyhjfmEyhfJOrYSAR5R1biNPcA+VA==
  
  esbuild-linux-32@0.14.0:
    version "0.14.0"
    resolved "https://registry.yarnpkg.com/esbuild-linux-32/-/esbuild-linux-32-0.14.0.tgz#64bfaa635a8f4d6f2fea62cc8c2466f5a926b221"
    integrity sha512-dWHotI2qlXWZyza7n85UubBj0asjpM7FTtQYDaRQKxoCJpCnSzq3aD55IJthiggZHXj2tAML9Bc5xjVLsBJR0w==
  
  esbuild-linux-64@0.14.0:
    version "0.14.0"
    resolved "https://registry.yarnpkg.com/esbuild-linux-64/-/esbuild-linux-64-0.14.0.tgz#0e2714bd90cfc4afffcfee896d67763a03410d61"
    integrity sha512-7buo31kp1/yKWPm9vU44FEUwkeIROrIgnCDV9KLMLSbOjGEHBZXYJ2L0p4ZnB7Z+m5YiW7F/AfJu0/1E87nOeQ==
  
  esbuild-linux-arm64@0.14.0:
    version "0.14.0"
    resolved "https://registry.yarnpkg.com/esbuild-linux-arm64/-/esbuild-linux-arm64-0.14.0.tgz#008ddc7c37e9bfc0cc8902310a728f8b8bfdf002"
    integrity sha512-9LBtCH2RkhDBwoAYksTtXljN6hlxxoL6a3ymNfXJG9JxFUQddOfhajXZdObFn/hgGkAFwx8dXqw+FnPm0FCzSg==
  
  esbuild-linux-arm@0.14.0:
    version "0.14.0"
    resolved "https://registry.yarnpkg.com/esbuild-linux-arm/-/esbuild-linux-arm-0.14.0.tgz#f8e3f91797eb291e7f8c1c867826e408804ece75"
    integrity sha512-fgybXQwPRT4Io01+aD+yphcLOLRVGqbSdhvaDK3qBwqUvspFsq4QkI7PeeYpuQdBZWiRKLoi9v5r90l7JO/s+g==
  
  esbuild-linux-mips64le@0.14.0:
    version "0.14.0"
    resolved "https://registry.yarnpkg.com/esbuild-linux-mips64le/-/esbuild-linux-mips64le-0.14.0.tgz#e2e3a2f3b4adf3ec64bcc43e21dd19105ff5ccab"
    integrity sha512-Xz7soOqWeCWcLp15biPM08To+s0k1E/2q0pQZNQ+SY9S5H2vU4ujDXqKjxFc24G9CrOeUNEOXTkh+JldBGbTCA==
  
  esbuild-linux-ppc64le@0.14.0:
    version "0.14.0"
    resolved "https://registry.yarnpkg.com/esbuild-linux-ppc64le/-/esbuild-linux-ppc64le-0.14.0.tgz#8a13f6e5257e19b62e7c28762f3cc742d56f3e1c"
    integrity sha512-fuBXTyUaZKxpmp43Nf0M1uI1OmZv/COcME9PG7NQ/EniwC680Xj5xQFhEBDVnvQQ+6xOnXdfPSojJq7gQxrORQ==
  
  esbuild-netbsd-64@0.14.0:
    version "0.14.0"
    resolved "https://registry.yarnpkg.com/esbuild-netbsd-64/-/esbuild-netbsd-64-0.14.0.tgz#e76051ea739efa5be7a5979f212882c8d9e1b7db"
    integrity sha512-pQaECTKr/iCXtn1qjwih+cvoZzbZ+P3NwLQo4uo/IesklbPTR5eF4d85L1vPFVgff+itBMxbbB7aoRznSglN3A==
  
  esbuild-openbsd-64@0.14.0:
    version "0.14.0"
    resolved "https://registry.yarnpkg.com/esbuild-openbsd-64/-/esbuild-openbsd-64-0.14.0.tgz#2d8c0689731605c68da816ac40095a1685c12e11"
    integrity sha512-HiaqQX9HMb9u3eYvKZ86+m/paQwASJSIjXiRTFpFusypjtU2NJqWb/LiRvhfmwC6rb7YHwCSPx+juSM7M+20bA==
  
  esbuild-sunos-64@0.14.0:
    version "0.14.0"
    resolved "https://registry.yarnpkg.com/esbuild-sunos-64/-/esbuild-sunos-64-0.14.0.tgz#62b2a27cdc8d0ac150d4d15857e764652960d2b6"
    integrity sha512-TkMQOSiSU3fHLV3M+OKUgLZt5L7TpcBcMRvtFw1cTxAnX8eT+1qkWVLiDM8ow1C3P7PW3bkGY3LW8vOs8o/jBA==
  
  esbuild-windows-32@0.14.0:
    version "0.14.0"
    resolved "https://registry.yarnpkg.com/esbuild-windows-32/-/esbuild-windows-32-0.14.0.tgz#364a1d1558b0a2351997c1aa7fd4408428eb78ab"
    integrity sha512-0h7E50JHgyLd7TkqSIH0VzBhngWspxPHuq/crDAMnh4s4tW8zWCMLIz2c1HVwHfZsh7d5+C4/yBaQeJTHXGvIA==
  
  esbuild-windows-64@0.14.0:
    version "0.14.0"
    resolved "https://registry.yarnpkg.com/esbuild-windows-64/-/esbuild-windows-64-0.14.0.tgz#e0db336f5c614f1b8dfacc0720cb0d30e118b36d"
    integrity sha512-RxnovPOoQS5Id4mbdIUm96L0GIg+ZME4FthbErw1kZZabLi9eLp1gR3vSwkZXKbK8Z76uDkSW0EN74i1XWVpiQ==
  
  esbuild-windows-arm64@0.14.0:
    version "0.14.0"
    resolved "https://registry.yarnpkg.com/esbuild-windows-arm64/-/esbuild-windows-arm64-0.14.0.tgz#5ddc6134e766da3c7b62a9a463e91ad3127483b5"
    integrity sha512-66KsVlT6lGDWgDKQsAlojxgUhZkkjVeosMVRdb913OwtcOjszceg6zFD748jzp9CUgAseHCNJqFmYOyBzneSEQ==
  
  esbuild@^0.14.0:
    version "0.14.0"
    resolved "https://registry.yarnpkg.com/esbuild/-/esbuild-0.14.0.tgz#9a3d21c9876b280e3b0186e36d372354ade51938"
    integrity sha512-UOnSKRAyZondxdLrOXnI/mesUmU/GvDTcajCvxoIaObzMeQcn0HyoGtvbfATnazlx799ZqFSyIZGLXFszkjy3A==
    optionalDependencies:
      esbuild-android-arm64 "0.14.0"
      esbuild-darwin-64 "0.14.0"
      esbuild-darwin-arm64 "0.14.0"
      esbuild-freebsd-64 "0.14.0"
      esbuild-freebsd-arm64 "0.14.0"
      esbuild-linux-32 "0.14.0"
      esbuild-linux-64 "0.14.0"
      esbuild-linux-arm "0.14.0"
      esbuild-linux-arm64 "0.14.0"
      esbuild-linux-mips64le "0.14.0"
      esbuild-linux-ppc64le "0.14.0"
      esbuild-netbsd-64 "0.14.0"
      esbuild-openbsd-64 "0.14.0"
      esbuild-sunos-64 "0.14.0"
      esbuild-windows-32 "0.14.0"
      esbuild-windows-64 "0.14.0"
      esbuild-windows-arm64 "0.14.0"
  
  esquery@^1.4.0:
    version "1.4.0"
    resolved "https://registry.yarnpkg.com/esquery/-/esquery-1.4.0.tgz#2148ffc38b82e8c7057dfed48425b3e61f0f24a5"
    integrity sha512-cCDispWt5vHHtwMY2YrAQ4ibFkAL8RbH5YGBnZBc90MolvvfkkQcJro/aZiAQUlQ3qgrYS6D6v8Gc5G5CQsc9w==
    dependencies:
      estraverse "^5.1.0"
  
  estraverse@5.2.0:
    version "5.2.0"
    resolved "https://registry.yarnpkg.com/estraverse/-/estraverse-5.2.0.tgz#307df42547e6cc7324d3cf03c155d5cdb8c53880"
    integrity sha512-BxbNGGNm0RyRYvUdHpIwv9IWzeM9XClbOxwoATuFdOE7ZE6wHL+HQ5T8hoPM+zHvmKzzsEqhgy0GrQ5X13afiQ==
  
  estraverse@^5.1.0:
    version "5.3.0"
    resolved "https://registry.yarnpkg.com/estraverse/-/estraverse-5.3.0.tgz#2eea5290702f26ab8fe5370370ff86c965d21123"
    integrity sha512-MMdARuVEQziNTeJD8DgMqmhwR11BRQ/cBP+pLtYdSTnf3MIO8fFeiINEbX36ZdNlfU/7A9f3gUw49B3oQsvwBA==
  
  fs.realpath@^1.0.0:
    version "1.0.0"
    resolved "https://registry.yarnpkg.com/fs.realpath/-/fs.realpath-1.0.0.tgz#1504ad2523158caa40db4a2787cb01411994ea4f"
    integrity sha1-FQStJSMVjKpA20onh8sBQRmU6k8=
  
  glob@^7.1.7:
    version "7.2.0"
    resolved "https://registry.yarnpkg.com/glob/-/glob-7.2.0.tgz#d15535af7732e02e948f4c41628bd910293f6023"
    integrity sha512-lmLf6gtyrPq8tTjSmrO94wBeQbFR3HbLHbuyD69wuyQkImp2hWqMGB47OX65FBkPffO641IP9jWa1z4ivqG26Q==
    dependencies:
      fs.realpath "^1.0.0"
      inflight "^1.0.4"
      inherits "2"
      minimatch "^3.0.4"
      once "^1.3.0"
      path-is-absolute "^1.0.0"
  
  inflight@^1.0.4:
    version "1.0.6"
    resolved "https://registry.yarnpkg.com/inflight/-/inflight-1.0.6.tgz#49bd6331d7d02d0c09bc910a1075ba8165b56df9"
    integrity sha1-Sb1jMdfQLQwJvJEKEHW6gWW1bfk=
    dependencies:
      once "^1.3.0"
      wrappy "1"
  
  inherits@2:
    version "2.0.4"
    resolved "https://registry.yarnpkg.com/inherits/-/inherits-2.0.4.tgz#0fa2c64f932917c3433a0ded55363aae37416b7c"
    integrity sha512-k/vGaX4/Yla3WzyMCvTQOXYeIHvqOKtnqBduzTHpzpQZzAskKMhZ2K+EnBiSM9zGSoIFeMpXKxa4dYeZIQqewQ==
  
  meriyah@^4.2.0:
    version "4.2.0"
    resolved "https://registry.yarnpkg.com/meriyah/-/meriyah-4.2.0.tgz#29d28c37ac7b67f8b9aaa92df0b8ac12469fe98b"
    integrity sha512-fCVh5GB9YT53Bq14l00HLYE3i9DywrY0JVZxbk0clXWDuMsUKKwluvC5sY0bMBqHbnIbpIjfSSIsnrzbauA8Yw==
  
  minimatch@^3.0.4:
    version "3.0.4"
    resolved "https://registry.yarnpkg.com/minimatch/-/minimatch-3.0.4.tgz#5166e286457f03306064be5497e8dbb0c3d32083"
    integrity sha512-yJHVQEhyqPLUTgt9B83PXu6W3rx4MvvHvSUvToogpwoGDOUQ+yDrR0HRot+yOCdCO7u4hX3pWft6kWBBcqh0UA==
    dependencies:
      brace-expansion "^1.1.7"
  
  mkdirp@^1.0.4:
    version "1.0.4"
    resolved "https://registry.yarnpkg.com/mkdirp/-/mkdirp-1.0.4.tgz#3eb5ed62622756d79a5f0e2a221dfebad75c2f7e"
    integrity sha512-vVqVZQyf3WLx2Shd0qJ9xuvqgAyKPLAiqITEtqW0oIUjzo3PePDd6fW9iFz30ef7Ysp/oiWqbhszeGWW2T6Gzw==
  
  once@^1.3.0:
    version "1.4.0"
    resolved "https://registry.yarnpkg.com/once/-/once-1.4.0.tgz#583b1aa775961d4b113ac17d9c50baef9dd76bd1"
    integrity sha1-WDsap3WWHUsROsF9nFC6753Xa9E=
    dependencies:
      wrappy "1"
  
  path-is-absolute@^1.0.0:
    version "1.0.1"
    resolved "https://registry.yarnpkg.com/path-is-absolute/-/path-is-absolute-1.0.1.tgz#174b9268735534ffbc7ace6bf53a5a9e1b5c5f5f"
    integrity sha1-F0uSaHNVNP+8es5r9TpanhtcX18=
  
  pure-utilities@^1.2.3:
    version "1.2.4"
    resolved "https://registry.yarnpkg.com/pure-utilities/-/pure-utilities-1.2.4.tgz#d98e06ce656358022dc2efaa7d1edd15b02edc92"
    integrity sha512-wKrO9wxN2inA57pgA9mZZi81CvHt7xo50y4OxW4EqOYsL38DBriiQL3hGGb78MWi1Sjxkj+gCzYMvKcltQOe3w==
  
  source-map@0.7.3:
    version "0.7.3"
    resolved "https://registry.yarnpkg.com/source-map/-/source-map-0.7.3.tgz#5302f8169031735226544092e64981f751750383"
    integrity sha512-CkCj6giN3S+n9qrYiBTX5gystlENnRW5jZeNLHpe6aue+SrHcG5VYwujhW9s4dY31mEGsxBDrHR6oI69fTXsaQ==
  
  tslib@^2.0.1:
    version "2.3.1"
    resolved "https://registry.yarnpkg.com/tslib/-/tslib-2.3.1.tgz#e8a335add5ceae51aa261d32a490158ef042ef01"
    integrity sha512-77EbyPPpMz+FRFRuAFlWMtmgUWGe9UOG2Z25NqCwiIjRhOf5iKGuzSe5P2w1laq+FkRy4p+PCuVkJSGkzTEKVw==
  
  wrappy@1:
    version "1.0.2"
    resolved "https://registry.yarnpkg.com/wrappy/-/wrappy-1.0.2.tgz#b5243d8f3ec1aa35f1364605bc0d1036e30ab69f"
    integrity sha1-tSQ9jz7BqjXxNkYFvA0QNuMKtp8=
